# JRE version: OpenJDK Runtime Environment Temurin-17.0.2+8 (17.0.2+8) (build 17.0.2+8)
# Java VM: OpenJDK 64-Bit Server VM Temurin-17.0.2+8 (17.0.2+8, mixed mode, emulated-client, tiered, compressed oops, compressed class ptrs, g1 gc, windows-amd64)
GC Precious Log:
 CPUs: 2 total, 2 available
 Memory: 8190M
 Large Page Support: Disabled
 NUMA Support: Disabled
 Compressed Oops: Enabled (32-bit)
 Heap Region Size: 1M
 Heap Min Capacity: 8M
 Heap Initial Capacity: 128M
 Heap Max Capacity: 2G
 Pre-touch: Disabled
 Parallel Workers: 2
 Concurrent Workers: 1
 Concurrent Refinement Workers: 2
 Periodic GC: Disabled
Heap:
 garbage-first heap   total 131072K, used 11488K [0x0000000080000000, 0x0000000100000000)
  region size 1024K, 3 young (3072K), 3 survivors (3072K)
 Metaspace       used 21210K, committed 21504K, reserved 1073152K
  class space    used 2465K, committed 2624K, reserved 1048576K
GC Heap History (9 events):
Event: 1.425 GC heap before
{Heap before GC invocations=0 (full 0):
 garbage-first heap   total 131072K, used 6144K [0x0000000080000000, 0x0000000100000000)
  region size 1024K, 6 young (6144K), 0 survivors (0K)
 Metaspace       used 6350K, committed 6464K, reserved 1056768K
  class space    used 543K, committed 576K, reserved 1048576K
}
Event: 1.469 GC heap after
{Heap after GC invocations=1 (full 0):
 garbage-first heap   total 131072K, used 4768K [0x0000000080000000, 0x0000000100000000)
  region size 1024K, 1 young (1024K), 1 survivors (1024K)
 Metaspace       used 6350K, committed 6464K, reserved 1056768K
  class space    used 543K, committed 576K, reserved 1048576K
}
Event: 1.920 GC heap before
{Heap before GC invocations=1 (full 0):
 garbage-first heap   total 131072K, used 9888K [0x0000000080000000, 0x0000000100000000)
  region size 1024K, 6 young (6144K), 1 survivors (1024K)
 Metaspace       used 9354K, committed 9536K, reserved 1064960K
  class space    used 904K, committed 960K, reserved 1048576K
}
Event: 1.926 GC heap after
{Heap after GC invocations=2 (full 0):
 garbage-first heap   total 131072K, used 7168K [0x0000000080000000, 0x0000000100000000)
  region size 1024K, 1 young (1024K), 1 survivors (1024K)
 Metaspace       used 9354K, committed 9536K, reserved 1064960K
  class space    used 904K, committed 960K, reserved 1048576K
}
Event: 3.002 GC heap before
{Heap before GC invocations=2 (full 0):
 garbage-first heap   total 131072K, used 14336K [0x0000000080000000, 0x0000000100000000)
  region size 1024K, 8 young (8192K), 1 survivors (1024K)
 Metaspace       used 14399K, committed 14592K, reserved 1064960K
  class space    used 1498K, committed 1600K, reserved 1048576K
}
Event: 3.020 GC heap after
{Heap after GC invocations=3 (full 0):
 garbage-first heap   total 131072K, used 8969K [0x0000000080000000, 0x0000000100000000)
  region size 1024K, 1 young (1024K), 1 survivors (1024K)
 Metaspace       used 14399K, committed 14592K, reserved 1064960K
  class space    used 1498K, committed 1600K, reserved 1048576K
}
Event: 3.898 GC heap before
{Heap before GC invocations=3 (full 0):
 garbage-first heap   total 131072K, used 23305K [0x0000000080000000, 0x0000000100000000)
  region size 1024K, 15 young (15360K), 1 survivors (1024K)
 Metaspace       used 18258K, committed 18432K, reserved 1073152K
  class space    used 2004K, committed 2112K, reserved 1048576K
}
Event: 3.909 GC heap after
{Heap after GC invocations=4 (full 0):
 garbage-first heap   total 131072K, used 10464K [0x0000000080000000, 0x0000000100000000)
  region size 1024K, 2 young (2048K), 2 survivors (2048K)
 Metaspace       used 18258K, committed 18432K, reserved 1073152K
  class space    used 2004K, committed 2112K, reserved 1048576K
}
Event: 4.562 GC heap before
{Heap before GC invocations=4 (full 0):
 garbage-first heap   total 131072K, used 22752K [0x0000000080000000, 0x0000000100000000)
  region size 1024K, 16 young (16384K), 2 survivors (2048K)
 Metaspace       used 21210K, committed 21504K, reserved 1073152K
  class space    used 2465K, committed 2624K, reserved 1048576K
}

